<?xml version="1.0" encoding="UTF-8"?>
<!-- Generated by org.testng.reporters.JUnitXMLReporter -->
<testsuite hostname="LAPTOP-8LBRLJ88" ignored="0" name="Regression Test" tests="2" failures="0" timestamp="22 Jun 2021 20:57:43 GMT" time="74.03" errors="0">
  <testcase name="verifyProductAddedToShoppingCartSuccessFully" time="33.11" classname="com.nopcommerce.demo.computers.TestSuite"/>
  <testcase name="verifyProductArrangeInAlphabeticalOrder" time="33.458" classname="com.nopcommerce.demo.computers.TestSuite"/>
</testsuite> <!-- Regression Test -->
